  raudio.c
C:\Users\arthu\Documents\Projects\ESIEE-IT\MATHS_3D_ESIEE-IT\E3FI_2022_2023_Maths3D_Raylib_BaseProject_VS2019\src\external\jar_xm.h(144,40): warning C4244: '=' : conversion de 'float' en 'short', perte possible de données
C:\Users\arthu\Documents\Projects\ESIEE-IT\MATHS_3D_ESIEE-IT\E3FI_2022_2023_Maths3D_Raylib_BaseProject_VS2019\src\external\jar_xm.h(163,40): warning C4244: '=' : conversion de 'float' en 'char', perte possible de données
C:\Users\arthu\Documents\Projects\ESIEE-IT\MATHS_3D_ESIEE-IT\E3FI_2022_2023_Maths3D_Raylib_BaseProject_VS2019\src\external\jar_xm.h(1463,47): warning C4244: '=' : conversion de 'uint16_t' en 'uint8_t', perte possible de données
C:\Users\arthu\Documents\Projects\ESIEE-IT\MATHS_3D_ESIEE-IT\E3FI_2022_2023_Maths3D_Raylib_BaseProject_VS2019\src\external\jar_xm.h(1476,28): warning C4244: 'initialisation' : conversion de 'float' en 'unsigned int', perte possible de données
C:\Users\arthu\Documents\Projects\ESIEE-IT\MATHS_3D_ESIEE-IT\E3FI_2022_2023_Maths3D_Raylib_BaseProject_VS2019\src\external\jar_xm.h(1478,33): warning C4244: 'initialisation' : conversion de 'float' en 'int8_t', perte possible de données
C:\Users\arthu\Documents\Projects\ESIEE-IT\MATHS_3D_ESIEE-IT\E3FI_2022_2023_Maths3D_Raylib_BaseProject_VS2019\src\external\jar_xm.h(1749,35): warning C4244: '=' : conversion de 'uint32_t' en 'float', perte possible de données
C:\Users\arthu\Documents\Projects\ESIEE-IT\MATHS_3D_ESIEE-IT\E3FI_2022_2023_Maths3D_Raylib_BaseProject_VS2019\src\external\jar_xm.h(1784,41): warning C4244: 'fonction' : conversion de 'int' en 'float', perte possible de données
C:\Users\arthu\Documents\Projects\ESIEE-IT\MATHS_3D_ESIEE-IT\E3FI_2022_2023_Maths3D_Raylib_BaseProject_VS2019\src\external\jar_xm.h(2237,41): warning C4244: 'fonction' : conversion de 'int' en 'float', perte possible de données
C:\Users\arthu\Documents\Projects\ESIEE-IT\MATHS_3D_ESIEE-IT\E3FI_2022_2023_Maths3D_Raylib_BaseProject_VS2019\src\external\jar_xm.h(2371,31): warning C4244: '=' : conversion de 'double' en 'float', perte possible de données
C:\Users\arthu\Documents\Projects\ESIEE-IT\MATHS_3D_ESIEE-IT\E3FI_2022_2023_Maths3D_Raylib_BaseProject_VS2019\src\external\jar_xm.h(2569,21): warning C4244: '+=' : conversion de 'float' en 'uint64_t', perte possible de données
  core.c
  models.c
C:\Users\arthu\Documents\Projects\ESIEE-IT\MATHS_3D_ESIEE-IT\E3FI_2022_2023_Maths3D_Raylib_BaseProject_VS2019\src\external\par_shapes.h(273,18): warning C4244: 'initialisation' : conversion de 'double' en 'float', perte possible de données
C:\Users\arthu\Documents\Projects\ESIEE-IT\MATHS_3D_ESIEE-IT\E3FI_2022_2023_Maths3D_Raylib_BaseProject_VS2019\src\external\par_shapes.h(305,54): warning C4305: 'fonction' : troncation de 'double' à 'float'
C:\Users\arthu\Documents\Projects\ESIEE-IT\MATHS_3D_ESIEE-IT\E3FI_2022_2023_Maths3D_Raylib_BaseProject_VS2019\src\external\par_shapes.h(335,43): warning C4305: 'fonction' : troncation de 'double' à 'float'
C:\Users\arthu\Documents\Projects\ESIEE-IT\MATHS_3D_ESIEE-IT\E3FI_2022_2023_Maths3D_Raylib_BaseProject_VS2019\src\external\par_shapes.h(346,43): warning C4305: 'fonction' : troncation de 'double' à 'float'
C:\Users\arthu\Documents\Projects\ESIEE-IT\MATHS_3D_ESIEE-IT\E3FI_2022_2023_Maths3D_Raylib_BaseProject_VS2019\src\external\par_shapes.h(534,23): warning C4244: 'initialisation' : conversion de 'double' en 'float', perte possible de données
C:\Users\arthu\Documents\Projects\ESIEE-IT\MATHS_3D_ESIEE-IT\E3FI_2022_2023_Maths3D_Raylib_BaseProject_VS2019\src\external\par_shapes.h(535,29): warning C4244: 'initialisation' : conversion de 'double' en 'float', perte possible de données
C:\Users\arthu\Documents\Projects\ESIEE-IT\MATHS_3D_ESIEE-IT\E3FI_2022_2023_Maths3D_Raylib_BaseProject_VS2019\src\external\par_shapes.h(543,23): warning C4244: 'initialisation' : conversion de 'double' en 'float', perte possible de données
C:\Users\arthu\Documents\Projects\ESIEE-IT\MATHS_3D_ESIEE-IT\E3FI_2022_2023_Maths3D_Raylib_BaseProject_VS2019\src\external\par_shapes.h(544,25): warning C4244: 'initialisation' : conversion de 'double' en 'float', perte possible de données
C:\Users\arthu\Documents\Projects\ESIEE-IT\MATHS_3D_ESIEE-IT\E3FI_2022_2023_Maths3D_Raylib_BaseProject_VS2019\src\external\par_shapes.h(568,20): warning C4244: 'fonction' : conversion de 'double' en 'float', perte possible de données
C:\Users\arthu\Documents\Projects\ESIEE-IT\MATHS_3D_ESIEE-IT\E3FI_2022_2023_Maths3D_Raylib_BaseProject_VS2019\src\external\par_shapes.h(559,21): warning C4244: 'initialisation' : conversion de 'double' en 'float', perte possible de données
C:\Users\arthu\Documents\Projects\ESIEE-IT\MATHS_3D_ESIEE-IT\E3FI_2022_2023_Maths3D_Raylib_BaseProject_VS2019\src\external\par_shapes.h(560,25): warning C4244: 'initialisation' : conversion de 'double' en 'float', perte possible de données
C:\Users\arthu\Documents\Projects\ESIEE-IT\MATHS_3D_ESIEE-IT\E3FI_2022_2023_Maths3D_Raylib_BaseProject_VS2019\src\external\par_shapes.h(576,29): warning C4244: 'initialisation' : conversion de 'double' en 'float', perte possible de données
C:\Users\arthu\Documents\Projects\ESIEE-IT\MATHS_3D_ESIEE-IT\E3FI_2022_2023_Maths3D_Raylib_BaseProject_VS2019\src\external\par_shapes.h(586,29): warning C4244: 'initialisation' : conversion de 'double' en 'float', perte possible de données
C:\Users\arthu\Documents\Projects\ESIEE-IT\MATHS_3D_ESIEE-IT\E3FI_2022_2023_Maths3D_Raylib_BaseProject_VS2019\src\external\par_shapes.h(587,27): warning C4244: 'initialisation' : conversion de 'double' en 'float', perte possible de données
C:\Users\arthu\Documents\Projects\ESIEE-IT\MATHS_3D_ESIEE-IT\E3FI_2022_2023_Maths3D_Raylib_BaseProject_VS2019\src\external\par_shapes.h(609,44): warning C4244: '=' : conversion de 'double' en 'float', perte possible de données
C:\Users\arthu\Documents\Projects\ESIEE-IT\MATHS_3D_ESIEE-IT\E3FI_2022_2023_Maths3D_Raylib_BaseProject_VS2019\src\external\par_shapes.h(611,44): warning C4244: '=' : conversion de 'double' en 'float', perte possible de données
C:\Users\arthu\Documents\Projects\ESIEE-IT\MATHS_3D_ESIEE-IT\E3FI_2022_2023_Maths3D_Raylib_BaseProject_VS2019\src\external\par_shapes.h(612,21): warning C4244: '=' : conversion de 'double' en 'float', perte possible de données
C:\Users\arthu\Documents\Projects\ESIEE-IT\MATHS_3D_ESIEE-IT\E3FI_2022_2023_Maths3D_Raylib_BaseProject_VS2019\src\external\par_shapes.h(618,16): warning C4244: '=' : conversion de 'double' en 'float', perte possible de données
C:\Users\arthu\Documents\Projects\ESIEE-IT\MATHS_3D_ESIEE-IT\E3FI_2022_2023_Maths3D_Raylib_BaseProject_VS2019\src\external\par_shapes.h(619,16): warning C4244: '=' : conversion de 'double' en 'float', perte possible de données
C:\Users\arthu\Documents\Projects\ESIEE-IT\MATHS_3D_ESIEE-IT\E3FI_2022_2023_Maths3D_Raylib_BaseProject_VS2019\src\external\par_shapes.h(620,16): warning C4244: '=' : conversion de 'double' en 'float', perte possible de données
C:\Users\arthu\Documents\Projects\ESIEE-IT\MATHS_3D_ESIEE-IT\E3FI_2022_2023_Maths3D_Raylib_BaseProject_VS2019\src\external\par_shapes.h(601,37): warning C4244: 'initialisation' : conversion de 'double' en 'const float', perte possible de données
C:\Users\arthu\Documents\Projects\ESIEE-IT\MATHS_3D_ESIEE-IT\E3FI_2022_2023_Maths3D_Raylib_BaseProject_VS2019\src\external\par_shapes.h(602,31): warning C4244: 'initialisation' : conversion de 'double' en 'const float', perte possible de données
C:\Users\arthu\Documents\Projects\ESIEE-IT\MATHS_3D_ESIEE-IT\E3FI_2022_2023_Maths3D_Raylib_BaseProject_VS2019\src\external\par_shapes.h(603,23): warning C4244: 'initialisation' : conversion de 'double' en 'const float', perte possible de données
C:\Users\arthu\Documents\Projects\ESIEE-IT\MATHS_3D_ESIEE-IT\E3FI_2022_2023_Maths3D_Raylib_BaseProject_VS2019\src\external\par_shapes.h(604,23): warning C4244: 'initialisation' : conversion de 'double' en 'const float', perte possible de données
C:\Users\arthu\Documents\Projects\ESIEE-IT\MATHS_3D_ESIEE-IT\E3FI_2022_2023_Maths3D_Raylib_BaseProject_VS2019\src\external\par_shapes.h(605,23): warning C4244: 'initialisation' : conversion de 'double' en 'const float', perte possible de données
C:\Users\arthu\Documents\Projects\ESIEE-IT\MATHS_3D_ESIEE-IT\E3FI_2022_2023_Maths3D_Raylib_BaseProject_VS2019\src\external\par_shapes.h(606,23): warning C4244: 'initialisation' : conversion de 'double' en 'const float', perte possible de données
C:\Users\arthu\Documents\Projects\ESIEE-IT\MATHS_3D_ESIEE-IT\E3FI_2022_2023_Maths3D_Raylib_BaseProject_VS2019\src\external\par_shapes.h(670,28): warning C4244: '=' : conversion de 'double' en 'float', perte possible de données
C:\Users\arthu\Documents\Projects\ESIEE-IT\MATHS_3D_ESIEE-IT\E3FI_2022_2023_Maths3D_Raylib_BaseProject_VS2019\src\external\par_shapes.h(671,28): warning C4244: '=' : conversion de 'double' en 'float', perte possible de données
C:\Users\arthu\Documents\Projects\ESIEE-IT\MATHS_3D_ESIEE-IT\E3FI_2022_2023_Maths3D_Raylib_BaseProject_VS2019\src\external\par_shapes.h(695,29): warning C4244: 'fonction' : conversion de 'double' en 'float', perte possible de données
C:\Users\arthu\Documents\Projects\ESIEE-IT\MATHS_3D_ESIEE-IT\E3FI_2022_2023_Maths3D_Raylib_BaseProject_VS2019\src\external\par_shapes.h(669,38): warning C4244: 'initialisation' : conversion de 'double' en 'float', perte possible de données
C:\Users\arthu\Documents\Projects\ESIEE-IT\MATHS_3D_ESIEE-IT\E3FI_2022_2023_Maths3D_Raylib_BaseProject_VS2019\src\external\par_shapes.h(805,1): warning C4305: 'initialisation' : troncation de 'double' à 'float'
C:\Users\arthu\Documents\Projects\ESIEE-IT\MATHS_3D_ESIEE-IT\E3FI_2022_2023_Maths3D_Raylib_BaseProject_VS2019\src\external\par_shapes.h(853,1): warning C4305: 'initialisation' : troncation de 'double' à 'float'
C:\Users\arthu\Documents\Projects\ESIEE-IT\MATHS_3D_ESIEE-IT\E3FI_2022_2023_Maths3D_Raylib_BaseProject_VS2019\src\external\par_shapes.h(953,1): warning C4305: 'initialisation' : troncation de 'double' à 'float'
C:\Users\arthu\Documents\Projects\ESIEE-IT\MATHS_3D_ESIEE-IT\E3FI_2022_2023_Maths3D_Raylib_BaseProject_VS2019\src\external\par_shapes.h(1284,21): warning C4244: '=' : conversion de 'double' en 'float', perte possible de données
C:\Users\arthu\Documents\Projects\ESIEE-IT\MATHS_3D_ESIEE-IT\E3FI_2022_2023_Maths3D_Raylib_BaseProject_VS2019\src\external\par_shapes.h(1286,58): warning C4244: 'fonction' : conversion de 'double' en 'float', perte possible de données
C:\Users\arthu\Documents\Projects\ESIEE-IT\MATHS_3D_ESIEE-IT\E3FI_2022_2023_Maths3D_Raylib_BaseProject_VS2019\src\external\par_shapes.h(1288,58): warning C4244: 'fonction' : conversion de 'double' en 'float', perte possible de données
C:\Users\arthu\Documents\Projects\ESIEE-IT\MATHS_3D_ESIEE-IT\E3FI_2022_2023_Maths3D_Raylib_BaseProject_VS2019\src\external\par_shapes.h(1290,58): warning C4244: 'fonction' : conversion de 'double' en 'float', perte possible de données
C:\Users\arthu\Documents\Projects\ESIEE-IT\MATHS_3D_ESIEE-IT\E3FI_2022_2023_Maths3D_Raylib_BaseProject_VS2019\src\external\par_shapes.h(1447,38): warning C4305: 'fonction' : troncation de 'double' à 'float'
C:\Users\arthu\Documents\Projects\ESIEE-IT\MATHS_3D_ESIEE-IT\E3FI_2022_2023_Maths3D_Raylib_BaseProject_VS2019\src\external\par_shapes.h(1464,20): warning C4244: '*=' : conversion de 'double' en 'float', perte possible de données
C:\Users\arthu\Documents\Projects\ESIEE-IT\MATHS_3D_ESIEE-IT\E3FI_2022_2023_Maths3D_Raylib_BaseProject_VS2019\src\external\par_shapes.h(1465,20): warning C4244: '*=' : conversion de 'double' en 'float', perte possible de données
C:\Users\arthu\Documents\Projects\ESIEE-IT\MATHS_3D_ESIEE-IT\E3FI_2022_2023_Maths3D_Raylib_BaseProject_VS2019\src\external\par_shapes.h(1466,20): warning C4244: '*=' : conversion de 'double' en 'float', perte possible de données
C:\Users\arthu\Documents\Projects\ESIEE-IT\MATHS_3D_ESIEE-IT\E3FI_2022_2023_Maths3D_Raylib_BaseProject_VS2019\src\external\par_shapes.h(1468,39): warning C4244: '=' : conversion de 'double' en 'float', perte possible de données
C:\Users\arthu\Documents\Projects\ESIEE-IT\MATHS_3D_ESIEE-IT\E3FI_2022_2023_Maths3D_Raylib_BaseProject_VS2019\src\external\par_shapes.h(1748,33): warning C4244: 'fonction' : conversion de 'double' en 'float', perte possible de données
C:\Users\arthu\Documents\Projects\ESIEE-IT\MATHS_3D_ESIEE-IT\E3FI_2022_2023_Maths3D_Raylib_BaseProject_VS2019\src\external\par_shapes.h(1748,49): warning C4244: 'fonction' : conversion de 'double' en 'float', perte possible de données
C:\Users\arthu\Documents\Projects\ESIEE-IT\MATHS_3D_ESIEE-IT\E3FI_2022_2023_Maths3D_Raylib_BaseProject_VS2019\src\external\par_shapes.h(1748,65): warning C4244: 'fonction' : conversion de 'double' en 'float', perte possible de données
C:\Users\arthu\Documents\Projects\ESIEE-IT\MATHS_3D_ESIEE-IT\E3FI_2022_2023_Maths3D_Raylib_BaseProject_VS2019\src\external\par_shapes.h(1717,30): warning C4244: 'initialisation' : conversion de 'int' en 'float', perte possible de données
  rglfw.c
  shapes.c
  text.c
  textures.c
  utils.c
  Génération de code en cours...
  raylib.vcxproj -> C:\Users\arthu\Documents\Projects\ESIEE-IT\MATHS_3D_ESIEE-IT\E3FI_2022_2023_Maths3D_Raylib_BaseProject_VS2019\projects\VS2019\bin\x64\Debug\raylib.lib
