c:\users\shadow\downloads\e3fi_2022_2023_maths3d_raylib_baseproject_vs2019\projects\vs2019\bin\x64\debug\raylib.pdb
c:\users\shadow\downloads\e3fi_2022_2023_maths3d_raylib_baseproject_vs2019\projects\vs2019\bin\x64\debug\raylib.idb
c:\users\shadow\downloads\e3fi_2022_2023_maths3d_raylib_baseproject_vs2019\projects\vs2019\raylib\obj\x64\debug\utils.obj
c:\users\shadow\downloads\e3fi_2022_2023_maths3d_raylib_baseproject_vs2019\projects\vs2019\raylib\obj\x64\debug\textures.obj
c:\users\shadow\downloads\e3fi_2022_2023_maths3d_raylib_baseproject_vs2019\projects\vs2019\raylib\obj\x64\debug\text.obj
c:\users\shadow\downloads\e3fi_2022_2023_maths3d_raylib_baseproject_vs2019\projects\vs2019\raylib\obj\x64\debug\shapes.obj
c:\users\shadow\downloads\e3fi_2022_2023_maths3d_raylib_baseproject_vs2019\projects\vs2019\raylib\obj\x64\debug\rglfw.obj
c:\users\shadow\downloads\e3fi_2022_2023_maths3d_raylib_baseproject_vs2019\projects\vs2019\raylib\obj\x64\debug\models.obj
c:\users\shadow\downloads\e3fi_2022_2023_maths3d_raylib_baseproject_vs2019\projects\vs2019\raylib\obj\x64\debug\core.obj
c:\users\shadow\downloads\e3fi_2022_2023_maths3d_raylib_baseproject_vs2019\projects\vs2019\raylib\obj\x64\debug\raudio.obj
c:\users\shadow\downloads\e3fi_2022_2023_maths3d_raylib_baseproject_vs2019\projects\vs2019\bin\x64\debug\raylib.lib
c:\users\shadow\downloads\e3fi_2022_2023_maths3d_raylib_baseproject_vs2019\projects\vs2019\raylib\obj\x64\debug\raylib.res
c:\users\shadow\downloads\e3fi_2022_2023_maths3d_raylib_baseproject_vs2019\projects\vs2019\\bin\x64\debug\raylib.pdb
c:\users\shadow\downloads\e3fi_2022_2023_maths3d_raylib_baseproject_vs2019\projects\vs2019\raylib\obj\x64\debug\raylib.tlog\cl.command.1.tlog
c:\users\shadow\downloads\e3fi_2022_2023_maths3d_raylib_baseproject_vs2019\projects\vs2019\raylib\obj\x64\debug\raylib.tlog\cl.read.1.tlog
c:\users\shadow\downloads\e3fi_2022_2023_maths3d_raylib_baseproject_vs2019\projects\vs2019\raylib\obj\x64\debug\raylib.tlog\cl.write.1.tlog
c:\users\shadow\downloads\e3fi_2022_2023_maths3d_raylib_baseproject_vs2019\projects\vs2019\raylib\obj\x64\debug\raylib.tlog\lib-link-cvtres.read.1.tlog
c:\users\shadow\downloads\e3fi_2022_2023_maths3d_raylib_baseproject_vs2019\projects\vs2019\raylib\obj\x64\debug\raylib.tlog\lib-link-cvtres.write.1.tlog
c:\users\shadow\downloads\e3fi_2022_2023_maths3d_raylib_baseproject_vs2019\projects\vs2019\raylib\obj\x64\debug\raylib.tlog\lib.command.1.tlog
c:\users\shadow\downloads\e3fi_2022_2023_maths3d_raylib_baseproject_vs2019\projects\vs2019\raylib\obj\x64\debug\raylib.tlog\rc.command.1.tlog
c:\users\shadow\downloads\e3fi_2022_2023_maths3d_raylib_baseproject_vs2019\projects\vs2019\raylib\obj\x64\debug\raylib.tlog\rc.read.1.tlog
c:\users\shadow\downloads\e3fi_2022_2023_maths3d_raylib_baseproject_vs2019\projects\vs2019\raylib\obj\x64\debug\raylib.tlog\rc.write.1.tlog
