  raudio.c
D:\Unity3D Projects\ESIEE\E3FIC_2020_2021_Mathématiques3D_Raylib_RATTRAPAGE\src\external\jar_xm.h(144,50): warning C4244: '=' : conversion de 'float' en 'short', perte possible de données
D:\Unity3D Projects\ESIEE\E3FIC_2020_2021_Mathématiques3D_Raylib_RATTRAPAGE\src\external\jar_xm.h(163,50): warning C4244: '=' : conversion de 'float' en 'char', perte possible de données
D:\Unity3D Projects\ESIEE\E3FIC_2020_2021_Mathématiques3D_Raylib_RATTRAPAGE\src\external\jar_xm.h(1463,64): warning C4244: '=' : conversion de 'uint16_t' en 'uint8_t', perte possible de données
D:\Unity3D Projects\ESIEE\E3FIC_2020_2021_Mathématiques3D_Raylib_RATTRAPAGE\src\external\jar_xm.h(1476,1): warning C4244: 'initialisation' : conversion de 'float' en 'unsigned int', perte possible de données
D:\Unity3D Projects\ESIEE\E3FIC_2020_2021_Mathématiques3D_Raylib_RATTRAPAGE\src\external\jar_xm.h(1478,1): warning C4244: 'initialisation' : conversion de 'float' en 'int8_t', perte possible de données
D:\Unity3D Projects\ESIEE\E3FIC_2020_2021_Mathématiques3D_Raylib_RATTRAPAGE\src\external\jar_xm.h(1749,47): warning C4244: '=' : conversion de 'uint32_t' en 'float', perte possible de données
D:\Unity3D Projects\ESIEE\E3FIC_2020_2021_Mathématiques3D_Raylib_RATTRAPAGE\src\external\jar_xm.h(1784,70): warning C4244: 'fonction' : conversion de 'int' en 'float', perte possible de données
D:\Unity3D Projects\ESIEE\E3FIC_2020_2021_Mathématiques3D_Raylib_RATTRAPAGE\src\external\jar_xm.h(2237,65): warning C4244: 'fonction' : conversion de 'int' en 'float', perte possible de données
D:\Unity3D Projects\ESIEE\E3FIC_2020_2021_Mathématiques3D_Raylib_RATTRAPAGE\src\external\jar_xm.h(2372,90): warning C4244: '=' : conversion de 'double' en 'float', perte possible de données
D:\Unity3D Projects\ESIEE\E3FIC_2020_2021_Mathématiques3D_Raylib_RATTRAPAGE\src\external\jar_xm.h(2569,48): warning C4244: '+=' : conversion de 'float' en 'uint64_t', perte possible de données
  core.c
  models.c
D:\Unity3D Projects\ESIEE\E3FIC_2020_2021_Mathématiques3D_Raylib_RATTRAPAGE\src\external\par_shapes.h(273,1): warning C4244: 'initialisation' : conversion de 'double' en 'float', perte possible de données
D:\Unity3D Projects\ESIEE\E3FIC_2020_2021_Mathématiques3D_Raylib_RATTRAPAGE\src\external\par_shapes.h(305,54): warning C4305: 'fonction' : troncation de 'double' à 'float'
D:\Unity3D Projects\ESIEE\E3FIC_2020_2021_Mathématiques3D_Raylib_RATTRAPAGE\src\external\par_shapes.h(335,43): warning C4305: 'fonction' : troncation de 'double' à 'float'
D:\Unity3D Projects\ESIEE\E3FIC_2020_2021_Mathématiques3D_Raylib_RATTRAPAGE\src\external\par_shapes.h(346,43): warning C4305: 'fonction' : troncation de 'double' à 'float'
D:\Unity3D Projects\ESIEE\E3FIC_2020_2021_Mathématiques3D_Raylib_RATTRAPAGE\src\external\par_shapes.h(534,1): warning C4244: 'initialisation' : conversion de 'double' en 'float', perte possible de données
D:\Unity3D Projects\ESIEE\E3FIC_2020_2021_Mathématiques3D_Raylib_RATTRAPAGE\src\external\par_shapes.h(535,1): warning C4244: 'initialisation' : conversion de 'double' en 'float', perte possible de données
D:\Unity3D Projects\ESIEE\E3FIC_2020_2021_Mathématiques3D_Raylib_RATTRAPAGE\src\external\par_shapes.h(543,1): warning C4244: 'initialisation' : conversion de 'double' en 'float', perte possible de données
D:\Unity3D Projects\ESIEE\E3FIC_2020_2021_Mathématiques3D_Raylib_RATTRAPAGE\src\external\par_shapes.h(544,1): warning C4244: 'initialisation' : conversion de 'double' en 'float', perte possible de données
D:\Unity3D Projects\ESIEE\E3FIC_2020_2021_Mathématiques3D_Raylib_RATTRAPAGE\src\external\par_shapes.h(568,28): warning C4244: 'fonction' : conversion de 'double' en 'float', perte possible de données
D:\Unity3D Projects\ESIEE\E3FIC_2020_2021_Mathématiques3D_Raylib_RATTRAPAGE\src\external\par_shapes.h(559,1): warning C4244: 'initialisation' : conversion de 'double' en 'float', perte possible de données
D:\Unity3D Projects\ESIEE\E3FIC_2020_2021_Mathématiques3D_Raylib_RATTRAPAGE\src\external\par_shapes.h(560,1): warning C4244: 'initialisation' : conversion de 'double' en 'float', perte possible de données
D:\Unity3D Projects\ESIEE\E3FIC_2020_2021_Mathématiques3D_Raylib_RATTRAPAGE\src\external\par_shapes.h(576,1): warning C4244: 'initialisation' : conversion de 'double' en 'float', perte possible de données
D:\Unity3D Projects\ESIEE\E3FIC_2020_2021_Mathématiques3D_Raylib_RATTRAPAGE\src\external\par_shapes.h(586,1): warning C4244: 'initialisation' : conversion de 'double' en 'float', perte possible de données
D:\Unity3D Projects\ESIEE\E3FIC_2020_2021_Mathématiques3D_Raylib_RATTRAPAGE\src\external\par_shapes.h(587,1): warning C4244: 'initialisation' : conversion de 'double' en 'float', perte possible de données
D:\Unity3D Projects\ESIEE\E3FIC_2020_2021_Mathématiques3D_Raylib_RATTRAPAGE\src\external\par_shapes.h(609,78): warning C4244: '=' : conversion de 'double' en 'float', perte possible de données
D:\Unity3D Projects\ESIEE\E3FIC_2020_2021_Mathématiques3D_Raylib_RATTRAPAGE\src\external\par_shapes.h(611,78): warning C4244: '=' : conversion de 'double' en 'float', perte possible de données
D:\Unity3D Projects\ESIEE\E3FIC_2020_2021_Mathématiques3D_Raylib_RATTRAPAGE\src\external\par_shapes.h(612,36): warning C4244: '=' : conversion de 'double' en 'float', perte possible de données
D:\Unity3D Projects\ESIEE\E3FIC_2020_2021_Mathématiques3D_Raylib_RATTRAPAGE\src\external\par_shapes.h(618,56): warning C4244: '=' : conversion de 'double' en 'float', perte possible de données
D:\Unity3D Projects\ESIEE\E3FIC_2020_2021_Mathématiques3D_Raylib_RATTRAPAGE\src\external\par_shapes.h(619,56): warning C4244: '=' : conversion de 'double' en 'float', perte possible de données
D:\Unity3D Projects\ESIEE\E3FIC_2020_2021_Mathématiques3D_Raylib_RATTRAPAGE\src\external\par_shapes.h(620,36): warning C4244: '=' : conversion de 'double' en 'float', perte possible de données
D:\Unity3D Projects\ESIEE\E3FIC_2020_2021_Mathématiques3D_Raylib_RATTRAPAGE\src\external\par_shapes.h(601,1): warning C4244: 'initialisation' : conversion de 'double' en 'const float', perte possible de données
D:\Unity3D Projects\ESIEE\E3FIC_2020_2021_Mathématiques3D_Raylib_RATTRAPAGE\src\external\par_shapes.h(602,1): warning C4244: 'initialisation' : conversion de 'double' en 'const float', perte possible de données
D:\Unity3D Projects\ESIEE\E3FIC_2020_2021_Mathématiques3D_Raylib_RATTRAPAGE\src\external\par_shapes.h(603,1): warning C4244: 'initialisation' : conversion de 'double' en 'const float', perte possible de données
D:\Unity3D Projects\ESIEE\E3FIC_2020_2021_Mathématiques3D_Raylib_RATTRAPAGE\src\external\par_shapes.h(604,1): warning C4244: 'initialisation' : conversion de 'double' en 'const float', perte possible de données
D:\Unity3D Projects\ESIEE\E3FIC_2020_2021_Mathématiques3D_Raylib_RATTRAPAGE\src\external\par_shapes.h(605,1): warning C4244: 'initialisation' : conversion de 'double' en 'const float', perte possible de données
D:\Unity3D Projects\ESIEE\E3FIC_2020_2021_Mathématiques3D_Raylib_RATTRAPAGE\src\external\par_shapes.h(606,1): warning C4244: 'initialisation' : conversion de 'double' en 'const float', perte possible de données
D:\Unity3D Projects\ESIEE\E3FIC_2020_2021_Mathématiques3D_Raylib_RATTRAPAGE\src\external\par_shapes.h(670,40): warning C4244: '=' : conversion de 'double' en 'float', perte possible de données
D:\Unity3D Projects\ESIEE\E3FIC_2020_2021_Mathématiques3D_Raylib_RATTRAPAGE\src\external\par_shapes.h(671,40): warning C4244: '=' : conversion de 'double' en 'float', perte possible de données
D:\Unity3D Projects\ESIEE\E3FIC_2020_2021_Mathématiques3D_Raylib_RATTRAPAGE\src\external\par_shapes.h(695,45): warning C4244: 'fonction' : conversion de 'double' en 'float', perte possible de données
D:\Unity3D Projects\ESIEE\E3FIC_2020_2021_Mathématiques3D_Raylib_RATTRAPAGE\src\external\par_shapes.h(669,1): warning C4244: 'initialisation' : conversion de 'double' en 'float', perte possible de données
D:\Unity3D Projects\ESIEE\E3FIC_2020_2021_Mathématiques3D_Raylib_RATTRAPAGE\src\external\par_shapes.h(805,1): warning C4305: 'initialisation' : troncation de 'double' à 'float'
D:\Unity3D Projects\ESIEE\E3FIC_2020_2021_Mathématiques3D_Raylib_RATTRAPAGE\src\external\par_shapes.h(853,1): warning C4305: 'initialisation' : troncation de 'double' à 'float'
D:\Unity3D Projects\ESIEE\E3FIC_2020_2021_Mathématiques3D_Raylib_RATTRAPAGE\src\external\par_shapes.h(953,1): warning C4305: 'initialisation' : troncation de 'double' à 'float'
D:\Unity3D Projects\ESIEE\E3FIC_2020_2021_Mathématiques3D_Raylib_RATTRAPAGE\src\external\par_shapes.h(1284,35): warning C4244: '=' : conversion de 'double' en 'float', perte possible de données
D:\Unity3D Projects\ESIEE\E3FIC_2020_2021_Mathématiques3D_Raylib_RATTRAPAGE\src\external\par_shapes.h(1286,65): warning C4244: 'fonction' : conversion de 'double' en 'float', perte possible de données
D:\Unity3D Projects\ESIEE\E3FIC_2020_2021_Mathématiques3D_Raylib_RATTRAPAGE\src\external\par_shapes.h(1288,65): warning C4244: 'fonction' : conversion de 'double' en 'float', perte possible de données
D:\Unity3D Projects\ESIEE\E3FIC_2020_2021_Mathématiques3D_Raylib_RATTRAPAGE\src\external\par_shapes.h(1290,65): warning C4244: 'fonction' : conversion de 'double' en 'float', perte possible de données
D:\Unity3D Projects\ESIEE\E3FIC_2020_2021_Mathématiques3D_Raylib_RATTRAPAGE\src\external\par_shapes.h(1447,38): warning C4305: 'fonction' : troncation de 'double' à 'float'
D:\Unity3D Projects\ESIEE\E3FIC_2020_2021_Mathématiques3D_Raylib_RATTRAPAGE\src\external\par_shapes.h(1464,27): warning C4244: '*=' : conversion de 'double' en 'float', perte possible de données
D:\Unity3D Projects\ESIEE\E3FIC_2020_2021_Mathématiques3D_Raylib_RATTRAPAGE\src\external\par_shapes.h(1465,23): warning C4244: '*=' : conversion de 'double' en 'float', perte possible de données
D:\Unity3D Projects\ESIEE\E3FIC_2020_2021_Mathématiques3D_Raylib_RATTRAPAGE\src\external\par_shapes.h(1466,27): warning C4244: '*=' : conversion de 'double' en 'float', perte possible de données
D:\Unity3D Projects\ESIEE\E3FIC_2020_2021_Mathématiques3D_Raylib_RATTRAPAGE\src\external\par_shapes.h(1468,42): warning C4244: '=' : conversion de 'double' en 'float', perte possible de données
D:\Unity3D Projects\ESIEE\E3FIC_2020_2021_Mathématiques3D_Raylib_RATTRAPAGE\src\external\par_shapes.h(1748,43): warning C4244: 'fonction' : conversion de 'double' en 'float', perte possible de données
D:\Unity3D Projects\ESIEE\E3FIC_2020_2021_Mathématiques3D_Raylib_RATTRAPAGE\src\external\par_shapes.h(1748,59): warning C4244: 'fonction' : conversion de 'double' en 'float', perte possible de données
D:\Unity3D Projects\ESIEE\E3FIC_2020_2021_Mathématiques3D_Raylib_RATTRAPAGE\src\external\par_shapes.h(1748,75): warning C4244: 'fonction' : conversion de 'double' en 'float', perte possible de données
D:\Unity3D Projects\ESIEE\E3FIC_2020_2021_Mathématiques3D_Raylib_RATTRAPAGE\src\external\par_shapes.h(1717,1): warning C4244: 'initialisation' : conversion de 'int' en 'float', perte possible de données
  rglfw.c
  shapes.c
  text.c
  textures.c
  utils.c
  Génération de code en cours...
     Création de la bibliothèque D:\Unity3D Projects\ESIEE\E3FIC_2020_2021_Mathématiques3D_Raylib_RATTRAPAGE\projects\VS2019\\bin\x64\Debug.DLL\raylib.lib et de l'objet D:\Unity3D Projects\ESIEE\E3FIC_2020_2021_Mathématiques3D_Raylib_RATTRAPAGE\projects\VS2019\\bin\x64\Debug.DLL\raylib.exp
  raylib.vcxproj -> D:\Unity3D Projects\ESIEE\E3FIC_2020_2021_Mathématiques3D_Raylib_RATTRAPAGE\projects\VS2019\bin\x64\Debug.DLL\raylib.dll
