d:\download\raylib-master\projects\vs2019\raylib\obj\x64\debug.dll\vc142.pdb
d:\download\raylib-master\projects\vs2019\raylib\obj\x64\debug.dll\vc142.idb
d:\download\raylib-master\projects\vs2019\raylib\obj\x64\debug.dll\utils.obj
d:\download\raylib-master\projects\vs2019\raylib\obj\x64\debug.dll\textures.obj
d:\download\raylib-master\projects\vs2019\raylib\obj\x64\debug.dll\text.obj
d:\download\raylib-master\projects\vs2019\raylib\obj\x64\debug.dll\shapes.obj
d:\download\raylib-master\projects\vs2019\raylib\obj\x64\debug.dll\rglfw.obj
d:\download\raylib-master\projects\vs2019\raylib\obj\x64\debug.dll\models.obj
d:\download\raylib-master\projects\vs2019\raylib\obj\x64\debug.dll\core.obj
d:\download\raylib-master\projects\vs2019\raylib\obj\x64\debug.dll\raudio.obj
d:\c++ projects\raylib-master\projects\vs2019\raylib\obj\x64\debug.dll\vc141.pdb
d:\c++ projects\raylib-master\projects\vs2019\raylib\obj\x64\debug.dll\vc141.idb
d:\c++ projects\raylib-master\projects\vs2019\raylib\obj\x64\debug.dll\utils.obj
d:\c++ projects\raylib-master\projects\vs2019\raylib\obj\x64\debug.dll\textures.obj
d:\c++ projects\raylib-master\projects\vs2019\raylib\obj\x64\debug.dll\text.obj
d:\c++ projects\raylib-master\projects\vs2019\raylib\obj\x64\debug.dll\shapes.obj
d:\c++ projects\raylib-master\projects\vs2019\raylib\obj\x64\debug.dll\rglfw.obj
d:\c++ projects\raylib-master\projects\vs2019\raylib\obj\x64\debug.dll\models.obj
d:\c++ projects\raylib-master\projects\vs2019\raylib\obj\x64\debug.dll\core.obj
d:\c++ projects\raylib-master\projects\vs2019\raylib\obj\x64\debug.dll\raudio.obj
d:\c++ projects\raylib-master\projects\vs2019\raylib\obj\x64\debug.dll\vc142.pdb
d:\c++ projects\raylib-master\projects\vs2019\raylib\obj\x64\debug.dll\vc142.idb
d:\unity3d projects\esiee\e3fic_2020_2021_mathématiques3d_raylib_rattrapage\projects\vs2019\raylib\obj\x64\debug.dll\vc142.pdb
d:\unity3d projects\esiee\e3fic_2020_2021_mathématiques3d_raylib_rattrapage\projects\vs2019\raylib\obj\x64\debug.dll\vc142.idb
d:\unity3d projects\esiee\e3fic_2020_2021_mathématiques3d_raylib_rattrapage\projects\vs2019\raylib\obj\x64\debug.dll\utils.obj
d:\unity3d projects\esiee\e3fic_2020_2021_mathématiques3d_raylib_rattrapage\projects\vs2019\raylib\obj\x64\debug.dll\textures.obj
d:\unity3d projects\esiee\e3fic_2020_2021_mathématiques3d_raylib_rattrapage\projects\vs2019\raylib\obj\x64\debug.dll\text.obj
d:\unity3d projects\esiee\e3fic_2020_2021_mathématiques3d_raylib_rattrapage\projects\vs2019\raylib\obj\x64\debug.dll\shapes.obj
d:\unity3d projects\esiee\e3fic_2020_2021_mathématiques3d_raylib_rattrapage\projects\vs2019\raylib\obj\x64\debug.dll\rglfw.obj
d:\unity3d projects\esiee\e3fic_2020_2021_mathématiques3d_raylib_rattrapage\projects\vs2019\raylib\obj\x64\debug.dll\models.obj
d:\unity3d projects\esiee\e3fic_2020_2021_mathématiques3d_raylib_rattrapage\projects\vs2019\raylib\obj\x64\debug.dll\core.obj
d:\unity3d projects\esiee\e3fic_2020_2021_mathématiques3d_raylib_rattrapage\projects\vs2019\raylib\obj\x64\debug.dll\raudio.obj
d:\download\raylib-master\projects\vs2019\bin\x64\debug.dll\raylib.ilk
d:\download\raylib-master\projects\vs2019\bin\x64\debug.dll\raylib.dll
d:\download\raylib-master\projects\vs2019\bin\x64\debug.dll\raylib.pdb
d:\c++ projects\raylib-master\projects\vs2019\bin\x64\debug.dll\raylib.ilk
d:\c++ projects\raylib-master\projects\vs2019\bin\x64\debug.dll\raylib.dll
d:\c++ projects\raylib-master\projects\vs2019\bin\x64\debug.dll\raylib.pdb
d:\unity3d projects\esiee\e3fic_2020_2021_mathématiques3d_raylib_rattrapage\projects\vs2019\bin\x64\debug.dll\raylib.dll
d:\unity3d projects\esiee\e3fic_2020_2021_mathématiques3d_raylib_rattrapage\projects\vs2019\bin\x64\debug.dll\raylib.ilk
d:\unity3d projects\esiee\e3fic_2020_2021_mathématiques3d_raylib_rattrapage\projects\vs2019\bin\x64\debug.dll\raylib.pdb
d:\download\raylib-master\projects\vs2019\bin\x64\debug.dll\raylib.lib
d:\download\raylib-master\projects\vs2019\bin\x64\debug.dll\raylib.exp
d:\c++ projects\raylib-master\projects\vs2019\bin\x64\debug.dll\raylib.lib
d:\c++ projects\raylib-master\projects\vs2019\bin\x64\debug.dll\raylib.exp
d:\unity3d projects\esiee\e3fic_2020_2021_mathématiques3d_raylib_rattrapage\projects\vs2019\bin\x64\debug.dll\raylib.lib
d:\unity3d projects\esiee\e3fic_2020_2021_mathématiques3d_raylib_rattrapage\projects\vs2019\bin\x64\debug.dll\raylib.exp
d:\download\raylib-master\projects\vs2019\raylib\obj\x64\debug.dll\raylib.res
d:\c++ projects\raylib-master\projects\vs2019\raylib\obj\x64\debug.dll\raylib.res
d:\unity3d projects\esiee\e3fic_2020_2021_mathématiques3d_raylib_rattrapage\projects\vs2019\raylib\obj\x64\debug.dll\raylib.res
d:\unity3d projects\esiee\e3fic_2020_2021_mathématiques3d_raylib_rattrapage\projects\vs2019\raylib\obj\x64\debug.dll\vc141.idb
d:\unity3d projects\esiee\e3fic_2020_2021_mathématiques3d_raylib_rattrapage\projects\vs2019\raylib\obj\x64\debug.dll\vc141.pdb
d:\unity3d projects\esiee\e3fic_2020_2021_mathématiques3d_raylib_rattrapage\projects\vs2019\\bin\x64\debug.dll\raylib.pdb
d:\unity3d projects\esiee\e3fic_2020_2021_mathématiques3d_raylib_rattrapage\projects\vs2019\\bin\x64\debug.dll\raylib.ilk
d:\unity3d projects\esiee\e3fic_2020_2021_mathématiques3d_raylib_rattrapage\projects\vs2019\raylib\obj\x64\debug.dll\raylib.tlog\cl.command.1.tlog
d:\unity3d projects\esiee\e3fic_2020_2021_mathématiques3d_raylib_rattrapage\projects\vs2019\raylib\obj\x64\debug.dll\raylib.tlog\cl.read.1.tlog
d:\unity3d projects\esiee\e3fic_2020_2021_mathématiques3d_raylib_rattrapage\projects\vs2019\raylib\obj\x64\debug.dll\raylib.tlog\cl.write.1.tlog
d:\unity3d projects\esiee\e3fic_2020_2021_mathématiques3d_raylib_rattrapage\projects\vs2019\raylib\obj\x64\debug.dll\raylib.tlog\link.command.1.tlog
d:\unity3d projects\esiee\e3fic_2020_2021_mathématiques3d_raylib_rattrapage\projects\vs2019\raylib\obj\x64\debug.dll\raylib.tlog\link.delete.1.tlog
d:\unity3d projects\esiee\e3fic_2020_2021_mathématiques3d_raylib_rattrapage\projects\vs2019\raylib\obj\x64\debug.dll\raylib.tlog\link.read.1.tlog
d:\unity3d projects\esiee\e3fic_2020_2021_mathématiques3d_raylib_rattrapage\projects\vs2019\raylib\obj\x64\debug.dll\raylib.tlog\link.write.1.tlog
d:\unity3d projects\esiee\e3fic_2020_2021_mathématiques3d_raylib_rattrapage\projects\vs2019\raylib\obj\x64\debug.dll\raylib.tlog\raylib.write.1u.tlog
d:\unity3d projects\esiee\e3fic_2020_2021_mathématiques3d_raylib_rattrapage\projects\vs2019\raylib\obj\x64\debug.dll\raylib.tlog\rc.command.1.tlog
d:\unity3d projects\esiee\e3fic_2020_2021_mathématiques3d_raylib_rattrapage\projects\vs2019\raylib\obj\x64\debug.dll\raylib.tlog\rc.read.1.tlog
d:\unity3d projects\esiee\e3fic_2020_2021_mathématiques3d_raylib_rattrapage\projects\vs2019\raylib\obj\x64\debug.dll\raylib.tlog\rc.write.1.tlog
