d:\download\raylib-master\projects\vs2019\examples\obj\x64\debug.dll\vc142.pdb
d:\download\raylib-master\projects\vs2019\examples\obj\x64\debug.dll\vc142.idb
d:\download\raylib-master\projects\vs2019\examples\obj\x64\debug.dll\core_basic_window.obj
d:\c++ projects\raylib-master\projects\vs2019\examples\obj\x64\debug.dll\vc141.pdb
d:\c++ projects\raylib-master\projects\vs2019\examples\obj\x64\debug.dll\vc141.idb
d:\c++ projects\raylib-master\projects\vs2019\examples\obj\x64\debug.dll\core_basic_window.obj
d:\c++ projects\raylib-master\projects\vs2019\examples\obj\x64\debug.dll\vc142.pdb
d:\c++ projects\raylib-master\projects\vs2019\examples\obj\x64\debug.dll\vc142.idb
d:\download\raylib-master\projects\vs2019\bin\x64\debug.dll\core_basic_window.ilk
d:\download\raylib-master\projects\vs2019\bin\x64\debug.dll\core_basic_window.exe
d:\download\raylib-master\projects\vs2019\bin\x64\debug.dll\core_basic_window.pdb
d:\c++ projects\raylib-master\projects\vs2019\bin\x64\debug.dll\core_basic_window.exe
d:\c++ projects\raylib-master\projects\vs2019\bin\x64\debug.dll\core_basic_window.ilk
d:\c++ projects\raylib-master\projects\vs2019\bin\x64\debug.dll\core_basic_window.pdb
d:\unity3d projects\esiee\e3fic_2020_2021_mathématiques3d_raylib_rattrapage\projects\vs2019\examples\obj\x64\debug.dll\core_basic_window.obj
d:\unity3d projects\esiee\e3fic_2020_2021_mathématiques3d_raylib_rattrapage\projects\vs2019\examples\obj\x64\debug.dll\vc141.idb
d:\unity3d projects\esiee\e3fic_2020_2021_mathématiques3d_raylib_rattrapage\projects\vs2019\examples\obj\x64\debug.dll\vc142.idb
d:\unity3d projects\esiee\e3fic_2020_2021_mathématiques3d_raylib_rattrapage\projects\vs2019\examples\obj\x64\debug.dll\vc141.pdb
d:\unity3d projects\esiee\e3fic_2020_2021_mathématiques3d_raylib_rattrapage\projects\vs2019\examples\obj\x64\debug.dll\vc142.pdb
d:\unity3d projects\esiee\e3fic_2020_2021_mathématiques3d_raylib_rattrapage\projects\vs2019\\bin\x64\debug.dll\core_basic_window.pdb
d:\unity3d projects\esiee\e3fic_2020_2021_mathématiques3d_raylib_rattrapage\projects\vs2019\bin\x64\debug.dll\core_basic_window.exe
d:\unity3d projects\esiee\e3fic_2020_2021_mathématiques3d_raylib_rattrapage\projects\vs2019\\bin\x64\debug.dll\core_basic_window.ilk
d:\unity3d projects\esiee\e3fic_2020_2021_mathématiques3d_raylib_rattrapage\projects\vs2019\examples\obj\x64\debug.dll\core_bas.0981ca98.tlog\cl.command.1.tlog
d:\unity3d projects\esiee\e3fic_2020_2021_mathématiques3d_raylib_rattrapage\projects\vs2019\examples\obj\x64\debug.dll\core_bas.0981ca98.tlog\cl.read.1.tlog
d:\unity3d projects\esiee\e3fic_2020_2021_mathématiques3d_raylib_rattrapage\projects\vs2019\examples\obj\x64\debug.dll\core_bas.0981ca98.tlog\cl.write.1.tlog
d:\unity3d projects\esiee\e3fic_2020_2021_mathématiques3d_raylib_rattrapage\projects\vs2019\examples\obj\x64\debug.dll\core_bas.0981ca98.tlog\link.command.1.tlog
d:\unity3d projects\esiee\e3fic_2020_2021_mathématiques3d_raylib_rattrapage\projects\vs2019\examples\obj\x64\debug.dll\core_bas.0981ca98.tlog\link.read.1.tlog
d:\unity3d projects\esiee\e3fic_2020_2021_mathématiques3d_raylib_rattrapage\projects\vs2019\examples\obj\x64\debug.dll\core_bas.0981ca98.tlog\link.write.1.tlog
