  raudio.c
c:\users\pellegra\downloads\e3fi_2022_2023_maths3d_raylib_baseproject_vs2019\src\external\jar_xm.h(144): warning C4244: '=' : conversion de 'float' en 'short', perte possible de données
c:\users\pellegra\downloads\e3fi_2022_2023_maths3d_raylib_baseproject_vs2019\src\external\jar_xm.h(163): warning C4244: '=' : conversion de 'float' en 'char', perte possible de données
c:\users\pellegra\downloads\e3fi_2022_2023_maths3d_raylib_baseproject_vs2019\src\external\jar_xm.h(1463): warning C4244: '=' : conversion de 'uint16_t' en 'uint8_t', perte possible de données
c:\users\pellegra\downloads\e3fi_2022_2023_maths3d_raylib_baseproject_vs2019\src\external\jar_xm.h(1476): warning C4244: 'initialisation' : conversion de 'float' en 'unsigned int', perte possible de données
c:\users\pellegra\downloads\e3fi_2022_2023_maths3d_raylib_baseproject_vs2019\src\external\jar_xm.h(1478): warning C4244: 'initialisation' : conversion de 'float' en 'int8_t', perte possible de données
c:\users\pellegra\downloads\e3fi_2022_2023_maths3d_raylib_baseproject_vs2019\src\external\jar_xm.h(1749): warning C4244: '=' : conversion de 'uint32_t' en 'float', perte possible de données
c:\users\pellegra\downloads\e3fi_2022_2023_maths3d_raylib_baseproject_vs2019\src\external\jar_xm.h(1784): warning C4244: 'fonction' : conversion de 'int' en 'float', perte possible de données
c:\users\pellegra\downloads\e3fi_2022_2023_maths3d_raylib_baseproject_vs2019\src\external\jar_xm.h(2237): warning C4244: 'fonction' : conversion de 'int' en 'float', perte possible de données
c:\users\pellegra\downloads\e3fi_2022_2023_maths3d_raylib_baseproject_vs2019\src\external\jar_xm.h(2372): warning C4244: '=' : conversion de 'double' en 'float', perte possible de données
c:\users\pellegra\downloads\e3fi_2022_2023_maths3d_raylib_baseproject_vs2019\src\external\jar_xm.h(2569): warning C4244: '+=' : conversion de 'float' en 'uint64_t', perte possible de données
  core.c
  models.c
c:\users\pellegra\downloads\e3fi_2022_2023_maths3d_raylib_baseproject_vs2019\src\external\par_shapes.h(273): warning C4244: 'initialisation' : conversion de 'double' en 'float', perte possible de données
c:\users\pellegra\downloads\e3fi_2022_2023_maths3d_raylib_baseproject_vs2019\src\external\par_shapes.h(305): warning C4305: 'fonction' : troncation de 'double' à 'float'
c:\users\pellegra\downloads\e3fi_2022_2023_maths3d_raylib_baseproject_vs2019\src\external\par_shapes.h(335): warning C4305: 'fonction' : troncation de 'double' à 'float'
c:\users\pellegra\downloads\e3fi_2022_2023_maths3d_raylib_baseproject_vs2019\src\external\par_shapes.h(346): warning C4305: 'fonction' : troncation de 'double' à 'float'
c:\users\pellegra\downloads\e3fi_2022_2023_maths3d_raylib_baseproject_vs2019\src\external\par_shapes.h(534): warning C4244: 'initialisation' : conversion de 'double' en 'float', perte possible de données
c:\users\pellegra\downloads\e3fi_2022_2023_maths3d_raylib_baseproject_vs2019\src\external\par_shapes.h(535): warning C4244: 'initialisation' : conversion de 'double' en 'float', perte possible de données
c:\users\pellegra\downloads\e3fi_2022_2023_maths3d_raylib_baseproject_vs2019\src\external\par_shapes.h(543): warning C4244: 'initialisation' : conversion de 'double' en 'float', perte possible de données
c:\users\pellegra\downloads\e3fi_2022_2023_maths3d_raylib_baseproject_vs2019\src\external\par_shapes.h(544): warning C4244: 'initialisation' : conversion de 'double' en 'float', perte possible de données
c:\users\pellegra\downloads\e3fi_2022_2023_maths3d_raylib_baseproject_vs2019\src\external\par_shapes.h(568): warning C4244: 'fonction' : conversion de 'double' en 'float', perte possible de données
c:\users\pellegra\downloads\e3fi_2022_2023_maths3d_raylib_baseproject_vs2019\src\external\par_shapes.h(559): warning C4244: 'initialisation' : conversion de 'double' en 'float', perte possible de données
c:\users\pellegra\downloads\e3fi_2022_2023_maths3d_raylib_baseproject_vs2019\src\external\par_shapes.h(560): warning C4244: 'initialisation' : conversion de 'double' en 'float', perte possible de données
c:\users\pellegra\downloads\e3fi_2022_2023_maths3d_raylib_baseproject_vs2019\src\external\par_shapes.h(576): warning C4244: 'initialisation' : conversion de 'double' en 'float', perte possible de données
c:\users\pellegra\downloads\e3fi_2022_2023_maths3d_raylib_baseproject_vs2019\src\external\par_shapes.h(586): warning C4244: 'initialisation' : conversion de 'double' en 'float', perte possible de données
c:\users\pellegra\downloads\e3fi_2022_2023_maths3d_raylib_baseproject_vs2019\src\external\par_shapes.h(587): warning C4244: 'initialisation' : conversion de 'double' en 'float', perte possible de données
c:\users\pellegra\downloads\e3fi_2022_2023_maths3d_raylib_baseproject_vs2019\src\external\par_shapes.h(609): warning C4244: '=' : conversion de 'double' en 'float', perte possible de données
c:\users\pellegra\downloads\e3fi_2022_2023_maths3d_raylib_baseproject_vs2019\src\external\par_shapes.h(611): warning C4244: '=' : conversion de 'double' en 'float', perte possible de données
c:\users\pellegra\downloads\e3fi_2022_2023_maths3d_raylib_baseproject_vs2019\src\external\par_shapes.h(612): warning C4244: '=' : conversion de 'double' en 'float', perte possible de données
c:\users\pellegra\downloads\e3fi_2022_2023_maths3d_raylib_baseproject_vs2019\src\external\par_shapes.h(618): warning C4244: '=' : conversion de 'double' en 'float', perte possible de données
c:\users\pellegra\downloads\e3fi_2022_2023_maths3d_raylib_baseproject_vs2019\src\external\par_shapes.h(619): warning C4244: '=' : conversion de 'double' en 'float', perte possible de données
c:\users\pellegra\downloads\e3fi_2022_2023_maths3d_raylib_baseproject_vs2019\src\external\par_shapes.h(620): warning C4244: '=' : conversion de 'double' en 'float', perte possible de données
c:\users\pellegra\downloads\e3fi_2022_2023_maths3d_raylib_baseproject_vs2019\src\external\par_shapes.h(601): warning C4244: 'initialisation' : conversion de 'double' en 'const float', perte possible de données
c:\users\pellegra\downloads\e3fi_2022_2023_maths3d_raylib_baseproject_vs2019\src\external\par_shapes.h(602): warning C4244: 'initialisation' : conversion de 'double' en 'const float', perte possible de données
c:\users\pellegra\downloads\e3fi_2022_2023_maths3d_raylib_baseproject_vs2019\src\external\par_shapes.h(603): warning C4244: 'initialisation' : conversion de 'double' en 'const float', perte possible de données
c:\users\pellegra\downloads\e3fi_2022_2023_maths3d_raylib_baseproject_vs2019\src\external\par_shapes.h(604): warning C4244: 'initialisation' : conversion de 'double' en 'const float', perte possible de données
c:\users\pellegra\downloads\e3fi_2022_2023_maths3d_raylib_baseproject_vs2019\src\external\par_shapes.h(605): warning C4244: 'initialisation' : conversion de 'double' en 'const float', perte possible de données
c:\users\pellegra\downloads\e3fi_2022_2023_maths3d_raylib_baseproject_vs2019\src\external\par_shapes.h(606): warning C4244: 'initialisation' : conversion de 'double' en 'const float', perte possible de données
c:\users\pellegra\downloads\e3fi_2022_2023_maths3d_raylib_baseproject_vs2019\src\external\par_shapes.h(670): warning C4244: '=' : conversion de 'double' en 'float', perte possible de données
c:\users\pellegra\downloads\e3fi_2022_2023_maths3d_raylib_baseproject_vs2019\src\external\par_shapes.h(671): warning C4244: '=' : conversion de 'double' en 'float', perte possible de données
c:\users\pellegra\downloads\e3fi_2022_2023_maths3d_raylib_baseproject_vs2019\src\external\par_shapes.h(695): warning C4244: 'fonction' : conversion de 'double' en 'float', perte possible de données
c:\users\pellegra\downloads\e3fi_2022_2023_maths3d_raylib_baseproject_vs2019\src\external\par_shapes.h(669): warning C4244: 'initialisation' : conversion de 'double' en 'float', perte possible de données
c:\users\pellegra\downloads\e3fi_2022_2023_maths3d_raylib_baseproject_vs2019\src\external\par_shapes.h(805): warning C4305: 'initialisation' : troncation de 'double' à 'float'
c:\users\pellegra\downloads\e3fi_2022_2023_maths3d_raylib_baseproject_vs2019\src\external\par_shapes.h(853): warning C4305: 'initialisation' : troncation de 'double' à 'float'
c:\users\pellegra\downloads\e3fi_2022_2023_maths3d_raylib_baseproject_vs2019\src\external\par_shapes.h(953): warning C4305: 'initialisation' : troncation de 'double' à 'float'
c:\users\pellegra\downloads\e3fi_2022_2023_maths3d_raylib_baseproject_vs2019\src\external\par_shapes.h(1284): warning C4244: '=' : conversion de 'double' en 'float', perte possible de données
c:\users\pellegra\downloads\e3fi_2022_2023_maths3d_raylib_baseproject_vs2019\src\external\par_shapes.h(1286): warning C4244: 'fonction' : conversion de 'double' en 'float', perte possible de données
c:\users\pellegra\downloads\e3fi_2022_2023_maths3d_raylib_baseproject_vs2019\src\external\par_shapes.h(1288): warning C4244: 'fonction' : conversion de 'double' en 'float', perte possible de données
c:\users\pellegra\downloads\e3fi_2022_2023_maths3d_raylib_baseproject_vs2019\src\external\par_shapes.h(1290): warning C4244: 'fonction' : conversion de 'double' en 'float', perte possible de données
c:\users\pellegra\downloads\e3fi_2022_2023_maths3d_raylib_baseproject_vs2019\src\external\par_shapes.h(1447): warning C4305: 'fonction' : troncation de 'double' à 'float'
c:\users\pellegra\downloads\e3fi_2022_2023_maths3d_raylib_baseproject_vs2019\src\external\par_shapes.h(1464): warning C4244: '*=' : conversion de 'double' en 'float', perte possible de données
c:\users\pellegra\downloads\e3fi_2022_2023_maths3d_raylib_baseproject_vs2019\src\external\par_shapes.h(1465): warning C4244: '*=' : conversion de 'double' en 'float', perte possible de données
c:\users\pellegra\downloads\e3fi_2022_2023_maths3d_raylib_baseproject_vs2019\src\external\par_shapes.h(1466): warning C4244: '*=' : conversion de 'double' en 'float', perte possible de données
c:\users\pellegra\downloads\e3fi_2022_2023_maths3d_raylib_baseproject_vs2019\src\external\par_shapes.h(1468): warning C4244: '=' : conversion de 'double' en 'float', perte possible de données
c:\users\pellegra\downloads\e3fi_2022_2023_maths3d_raylib_baseproject_vs2019\src\external\par_shapes.h(1748): warning C4244: 'fonction' : conversion de 'double' en 'float', perte possible de données
c:\users\pellegra\downloads\e3fi_2022_2023_maths3d_raylib_baseproject_vs2019\src\external\par_shapes.h(1717): warning C4244: 'initialisation' : conversion de 'int' en 'float', perte possible de données
  rglfw.c
  shapes.c
  text.c
  textures.c
  utils.c
  Génération de code en cours...
  raylib.vcxproj -> C:\Users\pellegra\Downloads\E3FI_2022_2023_Maths3D_Raylib_BaseProject_VS2019\projects\VS2017\\bin\x64\Debug\raylib.lib
